INFO - Connecting to host:131.159.52.1 via port: 50000 (5 second timeout) ...
INFO - ... successfully connected.
INFO - Attempting to send 'hello world', length:11 ...
INFO - ... sending complete.
INFO - Waiting for echo response from server... 
INFO - ... received response of length: 11 'hello world'
INFO - Supported commands:
	'help' : Displays this message.
	'logLevel <ALL | DEBUG | INFO | WARN | ERROR | FATAL | OFF>' : Sets level of logging.
	'quit' : Exits the program.
	'connect <ip> <port>' : Attempts to establish a connection.
	'disconnect' : Terminates an existing connection.
	'send <message>' : Attempts to transmit string message over established connection.

INFO - ... successfully disconnected.
INFO - Application quit
INFO - Connecting to host:localhost via port: 55555 (5 second timeout) ...
ERROR - IO Error: Read timed out
INFO - Attempting to disconnect...
INFO - ... successfully disconnected.
INFO - Connecting to host:131.159.52.1 via port: 50000 (5 second timeout) ...
INFO - ... successfully connected.
INFO - Attempting to send 'teste', length:5 ...
INFO - ... sending complete.
INFO - Waiting for echo response from server... 
INFO - ... received response of length: 66 'Connection to MSRG Echo server established: /131.159.52.1 / 50000
'
INFO - Attempting to send 'te', length:2 ...
INFO - ... sending complete.
INFO - Waiting for echo response from server... 
INFO - ... received response of length: 6 'teste
'
INFO - Attempting to disconnect...
INFO - ... successfully disconnected.
